2025-06-04 23:57:51,362 - INFO - Bundle generation started.
2025-06-04 23:57:51,373 - INFO - Added extra dependencies to WeaponACR/acrfde_container.bundle
2025-06-04 23:57:51,373 - INFO - Added extra dependencies to WeaponACR/acr_container.bundle
2025-06-04 23:57:51,373 - INFO - Added extra dependencies to WeaponAK5C/weapon_ak5c_boss_container.bundle
2025-06-04 23:57:51,373 - INFO - Added extra dependencies to WeaponAK5C/weapon_ak5c_container.bundle
2025-06-04 23:57:51,373 - INFO - Added extra dependencies to WeaponAK5C/weapon_ak5d_container.bundle
2025-06-04 23:57:51,373 - INFO - Added extra dependencies to WeaponAK5C/weapon_ak5g_container.bundle
2025-06-04 23:57:51,373 - INFO - Added extra dependencies to WeaponAN94/weapon_an94_container.bundle
2025-06-04 23:57:51,373 - INFO - Added extra dependencies to WeaponAN94/weapon_an94_kirov_container.bundle
2025-06-04 23:57:51,373 - INFO - Added extra dependencies to WeaponAuto5/weapon_auto5_boss_container.bundle
2025-06-04 23:57:51,373 - INFO - Added extra dependencies to WeaponAuto5/weapon_auto5_container.bundle
2025-06-04 23:57:51,373 - INFO - Added extra dependencies to WeaponC9/weapon_c9_container.bundle
2025-06-04 23:57:51,373 - INFO - Added extra dependencies to WeaponCarmel/weapon_carmel_container.bundle
2025-06-04 23:57:51,373 - INFO - Added extra dependencies to WeaponCarmel/weapon_carmel_fde_container.bundle
2025-06-04 23:57:51,373 - INFO - Added extra dependencies to WeaponCZ75/weapon_cz75b_container.bundle
2025-06-04 23:57:51,373 - INFO - Added extra dependencies to WeaponCZ75/weapon_cz75b_omega_container.bundle
2025-06-04 23:57:51,374 - INFO - Added extra dependencies to WeaponCZScorpion/czscorpiongrey_container.bundle
2025-06-04 23:57:51,374 - INFO - Added extra dependencies to WeaponCZScorpion/czscorpion_container.bundle
2025-06-04 23:57:51,374 - INFO - Added extra dependencies to WeaponDragunov/weapon_dragunovgreen_container.bundle
2025-06-04 23:57:51,374 - INFO - Added extra dependencies to WeaponDragunov/weapon_dragunov_container.bundle
2025-06-04 23:57:51,374 - INFO - Added extra dependencies to WeaponG3/g3hk11e_container.bundle
2025-06-04 23:57:51,374 - INFO - Added extra dependencies to WeaponG3/g3hk_container.bundle
2025-06-04 23:57:51,374 - INFO - Added extra dependencies to WeaponGrizzly/weapon_grizzly_blk_container.bundle
2025-06-04 23:57:51,374 - INFO - Added extra dependencies to WeaponGrizzly/weapon_grizzly_gold_container.bundle
2025-06-04 23:57:51,374 - INFO - Added extra dependencies to WeaponGrizzly/weapon_grizzly_stainless_container.bundle
2025-06-04 23:57:51,374 - INFO - Added extra dependencies to WeaponHK417/weapon_hk417_container.bundle
2025-06-04 23:57:51,374 - INFO - Added extra dependencies to WeaponKACPDW/kacpdw_container.bundle
2025-06-04 23:57:51,374 - INFO - Added extra dependencies to WeaponM76/weapon_m76_container.bundle
2025-06-04 23:57:51,374 - INFO - Added extra dependencies to WeaponPatriot/weapon_patriot_container.bundle
2025-06-04 23:57:51,374 - INFO - Added extra dependencies to WeaponPM9/weapon_minebea_pm9_container.bundle
2025-06-04 23:57:51,374 - INFO - Added extra dependencies to WeaponProdigy/weapon_prodigy_container.bundle
2025-06-04 23:57:51,374 - INFO - Added extra dependencies to WeaponProdigy/weapon_prodigy_fde_container.bundle
2025-06-04 23:57:51,374 - INFO - Added extra dependencies to WeaponSerbuSuperShorty/weapon_serbusupershorty_container.bundle
2025-06-04 23:57:51,374 - INFO - Added extra dependencies to WeaponWagesOfSin/weapon_wages_of_sin_red_container.bundle
2025-06-04 23:57:51,374 - INFO - Added extra dependencies to WeaponWagesOfSin/black/weapon_wages_of_sin_blk_container.bundle
2025-06-04 23:57:51,374 - INFO - Added extra dependencies to WeaponWagesOfSin/fde/weapon_wages_of_sin_fde_container.bundle
2025-06-04 23:57:51,374 - INFO - Added extra dependencies to WeaponWilsonCombatEDCX9/weapon_wilson_edcx9_container.bundle
2025-06-04 23:57:51,375 - INFO - Added extra dependencies to WeaponX95/weapon_x95_9mm_container.bundle
2025-06-04 23:57:51,375 - INFO - Added extra dependencies to WeaponX95/weapon_x95_blk_container.bundle
2025-06-04 23:57:51,375 - INFO - Added extra dependencies to WeaponX95/weapon_x95_fde_container.bundle
2025-06-04 23:57:51,375 - INFO - Added extra dependencies to WeaponX95/weapon_x95_od_container.bundle
2025-06-04 23:57:51,375 - INFO - Added extra dependencies to WeaponXM8/xm8blk_container.bundle
2025-06-04 23:57:51,375 - INFO - Added extra dependencies to WeaponXM8/xm8fde_container.bundle
2025-06-04 23:57:51,375 - INFO - Added extra dependencies to WeaponXM8/xm8od_container.bundle
2025-06-04 23:57:51,375 - INFO - Added scope dependencies to Attachment_Scopes/cga5p_2x_scope.bundle
2025-06-04 23:57:51,380 - INFO - bundles.json file has been generated.
